<?xml version="1.0" encoding="UTF-8"?>
<!-- Generated by org.testng.reporters.JUnitXMLReporter -->
<testsuite ignored="0" hostname="DESKTOP-2QISFAK" failures="4" tests="7" name="FirefoxTest" time="82.588" errors="0" timestamp="2022-05-24T13:16:38 IST">
  <testcase classname="TestClasses.ValidationOfTrains" name="@BeforeMethod beforeMethod" time="15.014">
    <failure type="org.testng.internal.thread.ThreadTimeoutException" message="Method TestClasses.ValidationOfTrains.beforeMethod() didn&amp;apos;t finish within the time-out 15000">
      <![CDATA[org.testng.internal.thread.ThreadTimeoutException: Method TestClasses.ValidationOfTrains.beforeMethod() didn't finish within the time-out 15000
at java.base/java.util.ArrayList.forEach(ArrayList.java:1511)
... Removed 29 stack frames]]>
    </failure>
  </testcase> <!-- @BeforeMethod beforeMethod -->
  <testcase classname="TestClasses.ValidationOfTrains" name="@AfterMethod logout" time="-1.653378387842E9">
    <skipped/>
  </testcase> <!-- @AfterMethod logout -->
  <testcase classname="TestClasses.ValidationOfTrains" name="@AfterClass clearObjects" time="-1.653378387842E9">
    <skipped/>
  </testcase> <!-- @AfterClass clearObjects -->
  <testcase classname="TestClasses.ValidationOfHomePage" name="testA" time="0.798"/>
  <testcase classname="TestClasses.ValidationOfHomePage" name="testB" time="1.068">
    <failure type="org.openqa.selenium.ElementClickInterceptedException" message="element click intercepted: Element &amp;lt;span class=&amp;quot;chNavText darkGreyText&amp;quot;&amp;gt;...&amp;lt;/span&amp;gt; is not clickable at point (1098, 144). Other element would receive the click: &amp;lt;div class=&amp;quot;loginCardNew makeFlex hrtlCenter cursorPointer appendBottom10&amp;quot;&amp;gt;...&amp;lt;/div&amp;gt;
  (Session info: chrome=101.0.4951.67)
Build info: version: &amp;apos;3.141.59&amp;apos;, revision: &amp;apos;e82be7d358&amp;apos;, time: &amp;apos;2018-11-14T08:17:03&amp;apos;
System info: host: &amp;apos;DESKTOP-2QISFAK&amp;apos;, ip: &amp;apos;192.168.0.102&amp;apos;, os.name: &amp;apos;Windows 11&amp;apos;, os.arch: &amp;apos;amd64&amp;apos;, os.version: &amp;apos;10.0&amp;apos;, java.version: &amp;apos;17.0.2&amp;apos;
Driver info: org.openqa.selenium.chrome.ChromeDriver
Capabilities {acceptInsecureCerts: false, browserName: chrome, browserVersion: 101.0.4951.67, chrome: {chromedriverVersion: 100.0.4896.60 (6a5d10861ce8..., userDataDir: C:\Users\DELL\AppData\Local...}, goog:chromeOptions: {debuggerAddress: localhost:64554}, javascriptEnabled: true, networkConnectionEnabled: false, pageLoadStrategy: normal, platform: WINDOWS, platformName: WINDOWS, proxy: Proxy(), setWindowRect: true, strictFileInteractability: false, timeouts: {implicit: 0, pageLoad: 300000, script: 30000}, unhandledPromptBehavior: dismiss and notify, webauthn:extension:credBlob: true, webauthn:extension:largeBlob: true, webauthn:virtualAuthenticators: true}
Session ID: 68f05f050763dbc503b13230e1bf2d94">
      <![CDATA[org.openqa.selenium.ElementClickInterceptedException: element click intercepted: Element <span class="chNavText darkGreyText">...</span> is not clickable at point (1098, 144). Other element would receive the click: <div class="loginCardNew makeFlex hrtlCenter cursorPointer appendBottom10">...</div>
  (Session info: chrome=101.0.4951.67)
Build info: version: '3.141.59', revision: 'e82be7d358', time: '2018-11-14T08:17:03'
System info: host: 'DESKTOP-2QISFAK', ip: '192.168.0.102', os.name: 'Windows 11', os.arch: 'amd64', os.version: '10.0', java.version: '17.0.2'
Driver info: org.openqa.selenium.chrome.ChromeDriver
Capabilities {acceptInsecureCerts: false, browserName: chrome, browserVersion: 101.0.4951.67, chrome: {chromedriverVersion: 100.0.4896.60 (6a5d10861ce8..., userDataDir: C:\Users\DELL\AppData\Local...}, goog:chromeOptions: {debuggerAddress: localhost:64554}, javascriptEnabled: true, networkConnectionEnabled: false, pageLoadStrategy: normal, platform: WINDOWS, platformName: WINDOWS, proxy: Proxy(), setWindowRect: true, strictFileInteractability: false, timeouts: {implicit: 0, pageLoad: 300000, script: 30000}, unhandledPromptBehavior: dismiss and notify, webauthn:extension:credBlob: true, webauthn:extension:largeBlob: true, webauthn:virtualAuthenticators: true}
Session ID: 68f05f050763dbc503b13230e1bf2d94
at org.openqa.selenium.remote.http.W3CHttpResponseCodec.createException(W3CHttpResponseCodec.java:187)
at org.openqa.selenium.remote.http.W3CHttpResponseCodec.decode(W3CHttpResponseCodec.java:122)
at org.openqa.selenium.remote.http.W3CHttpResponseCodec.decode(W3CHttpResponseCodec.java:49)
at org.openqa.selenium.remote.HttpCommandExecutor.execute(HttpCommandExecutor.java:158)
at org.openqa.selenium.remote.service.DriverCommandExecutor.execute(DriverCommandExecutor.java:83)
at org.openqa.selenium.remote.RemoteWebDriver.execute(RemoteWebDriver.java:552)
at org.openqa.selenium.remote.RemoteWebElement.execute(RemoteWebElement.java:285)
at org.openqa.selenium.remote.RemoteWebElement.click(RemoteWebElement.java:84)
at org.openqa.selenium.support.pagefactory.internal.LocatingElementHandler.invoke(LocatingElementHandler.java:51)
at jdk.proxy2/jdk.proxy2.$Proxy17.click(Unknown Source)
at PomClasses.HomePage.Cabs(HomePage.java:83)
at TestClasses.ValidationOfHomePage.testB(ValidationOfHomePage.java:86)
at java.base/java.util.ArrayList.forEach(ArrayList.java:1511)
... Removed 35 stack frames]]>
    </failure>
  </testcase> <!-- testB -->
  <testcase classname="TestClasses.ValidationOfLoginProcess" name="VerifyPageUrl" time="0.019">
    <failure type="java.lang.AssertionError" message="The following asserts failed:
	expected [https://accounts.google.com/signin/v2/challenge/pwd?redirect_uri=storagerelay%3A%2F%2Fhttps%2Fwww.makemytrip.com%3Fid%3Dauth835837&amp;amp;response_type=permission%20id_token&amp;amp;scope=email%20profile%20openid&amp;amp;openid.realm&amp;amp;include_granted_scopes=true&amp;amp;client_id=365487944636-q943oq1rje9ugcbscagg2vre5om9maj0.apps.googleusercontent.com&amp;amp;ss_domain=https%3A%2F%2Fwww.makemytrip.com&amp;amp;prompt&amp;amp;fetch_basic_profile=true&amp;amp;gsiwebsdk=2&amp;amp;flowName=GeneralOAuthFlow&amp;amp;cid=1&amp;amp;navigationDirection=forward&amp;amp;TL=AM3QAYaGhBcNPIjaK9VLZDD2Sag4ZN4v0KgUK9EwGQPR0bw_KeEssAZvdVJkmBTH] but found [https://accounts.google.com/signin/v2/challenge/pwd?redirect_uri=storagerelay%3A%2F%2Fhttps%2Fwww.makemytrip.com%3Fid%3Dauth680828&amp;amp;response_type=permission%20id_token&amp;amp;scope=email%20profile%20openid&amp;amp;openid.realm&amp;amp;include_granted_scopes=true&amp;amp;client_id=365487944636-q943oq1rje9ugcbscagg2vre5om9maj0.apps.googleusercontent.com&amp;amp;ss_domain=https%3A%2F%2Fwww.makemytrip.com&amp;amp;prompt&amp;amp;fetch_basic_profile=true&amp;amp;gsiwebsdk=2&amp;amp;flowName=GeneralOAuthFlow&amp;amp;cid=1&amp;amp;navigationDirection=forward&amp;amp;TL=AM3QAYYBLu5DwkKDSYY8bLWYmaUTqUVcjh2xAkvsnlGiKkrQnR_6_mlAWiDBDfsJ]">
      <![CDATA[java.lang.AssertionError: The following asserts failed:
expected [https://accounts.google.com/signin/v2/challenge/pwd?redirect_uri=storagerelay%3A%2F%2Fhttps%2Fwww.makemytrip.com%3Fid%3Dauth835837&response_type=permission%20id_token&scope=email%20profile%20openid&openid.realm&include_granted_scopes=true&client_id=365487944636-q943oq1rje9ugcbscagg2vre5om9maj0.apps.googleusercontent.com&ss_domain=https%3A%2F%2Fwww.makemytrip.com&prompt&fetch_basic_profile=true&gsiwebsdk=2&flowName=GeneralOAuthFlow&cid=1&navigationDirection=forward&TL=AM3QAYaGhBcNPIjaK9VLZDD2Sag4ZN4v0KgUK9EwGQPR0bw_KeEssAZvdVJkmBTH] but found [https://accounts.google.com/signin/v2/challenge/pwd?redirect_uri=storagerelay%3A%2F%2Fhttps%2Fwww.makemytrip.com%3Fid%3Dauth680828&response_type=permission%20id_token&scope=email%20profile%20openid&openid.realm&include_granted_scopes=true&client_id=365487944636-q943oq1rje9ugcbscagg2vre5om9maj0.apps.googleusercontent.com&ss_domain=https%3A%2F%2Fwww.makemytrip.com&prompt&fetch_basic_profile=true&gsiwebsdk=2&flowName=GeneralOAuthFlow&cid=1&navigationDirection=forward&TL=AM3QAYYBLu5DwkKDSYY8bLWYmaUTqUVcjh2xAkvsnlGiKkrQnR_6_mlAWiDBDfsJ]
at TestClasses.ValidationOfLoginProcess.VerifyPageUrl(ValidationOfLoginProcess.java:81)
at java.base/java.util.ArrayList.forEach(ArrayList.java:1511)
... Removed 29 stack frames]]>
    </failure>
  </testcase> <!-- VerifyPageUrl -->
  <testcase classname="TestClasses.ValidationOfBUses" name="VerifyPageUrlAndTitle" time="0.028">
    <failure type="java.lang.AssertionError" message="The following asserts failed:
	expected [https://www.makemytrip.com/bus/search/Pune/Sangamner/25-05-2022?from_code=MMTCC1744&amp;amp;to_code=MMTCC1797] but found [https://www.makemytrip.com/bus/search/Pune/Sangamner/23-05-2022?from_code=MMTCC1744&amp;amp;to_code=MMTCC1797]">
      <![CDATA[java.lang.AssertionError: The following asserts failed:
expected [https://www.makemytrip.com/bus/search/Pune/Sangamner/25-05-2022?from_code=MMTCC1744&to_code=MMTCC1797] but found [https://www.makemytrip.com/bus/search/Pune/Sangamner/23-05-2022?from_code=MMTCC1744&to_code=MMTCC1797]
at TestClasses.ValidationOfBUses.VerifyPageUrlAndTitle(ValidationOfBUses.java:81)
at java.base/java.util.ArrayList.forEach(ArrayList.java:1511)
... Removed 29 stack frames]]>
    </failure>
  </testcase> <!-- VerifyPageUrlAndTitle -->
  <testcase classname="TestClasses.ValidationOfTrains" name="VerifyPageUrlAndTitle" time="0.0">
    <skipped/>
  </testcase> <!-- VerifyPageUrlAndTitle -->
  <testcase classname="TestClasses.ValidationOfHomaPage2" name="verifyFlightsPageUrl" time="0.505"/>
  <testcase classname="TestClasses.ValidationOfHomaPage2" name="verifyHotelsPageUrl" time="1.088">
    <failure type="org.openqa.selenium.ElementClickInterceptedException" message="element click intercepted: Element &amp;lt;span class=&amp;quot;chNavText darkGreyText&amp;quot;&amp;gt;...&amp;lt;/span&amp;gt; is not clickable at point (605, 144). Other element would receive the click: &amp;lt;div data-cy=&amp;quot;outsideModal&amp;quot; class=&amp;quot;loginModal displayBlock modalLogin dynHeight personal&amp;quot;&amp;gt;&amp;lt;/div&amp;gt;
  (Session info: chrome=101.0.4951.67)
Build info: version: &amp;apos;3.141.59&amp;apos;, revision: &amp;apos;e82be7d358&amp;apos;, time: &amp;apos;2018-11-14T08:17:03&amp;apos;
System info: host: &amp;apos;DESKTOP-2QISFAK&amp;apos;, ip: &amp;apos;192.168.0.102&amp;apos;, os.name: &amp;apos;Windows 11&amp;apos;, os.arch: &amp;apos;amd64&amp;apos;, os.version: &amp;apos;10.0&amp;apos;, java.version: &amp;apos;17.0.2&amp;apos;
Driver info: org.openqa.selenium.chrome.ChromeDriver
Capabilities {acceptInsecureCerts: false, browserName: chrome, browserVersion: 101.0.4951.67, chrome: {chromedriverVersion: 100.0.4896.60 (6a5d10861ce8..., userDataDir: C:\Users\DELL\AppData\Local...}, goog:chromeOptions: {debuggerAddress: localhost:64899}, javascriptEnabled: true, networkConnectionEnabled: false, pageLoadStrategy: normal, platform: WINDOWS, platformName: WINDOWS, proxy: Proxy(), setWindowRect: true, strictFileInteractability: false, timeouts: {implicit: 0, pageLoad: 300000, script: 30000}, unhandledPromptBehavior: dismiss and notify, webauthn:extension:credBlob: true, webauthn:extension:largeBlob: true, webauthn:virtualAuthenticators: true}
Session ID: e76cc733e5c616d2a84c258af5dc9a96">
      <![CDATA[org.openqa.selenium.ElementClickInterceptedException: element click intercepted: Element <span class="chNavText darkGreyText">...</span> is not clickable at point (605, 144). Other element would receive the click: <div data-cy="outsideModal" class="loginModal displayBlock modalLogin dynHeight personal"></div>
  (Session info: chrome=101.0.4951.67)
Build info: version: '3.141.59', revision: 'e82be7d358', time: '2018-11-14T08:17:03'
System info: host: 'DESKTOP-2QISFAK', ip: '192.168.0.102', os.name: 'Windows 11', os.arch: 'amd64', os.version: '10.0', java.version: '17.0.2'
Driver info: org.openqa.selenium.chrome.ChromeDriver
Capabilities {acceptInsecureCerts: false, browserName: chrome, browserVersion: 101.0.4951.67, chrome: {chromedriverVersion: 100.0.4896.60 (6a5d10861ce8..., userDataDir: C:\Users\DELL\AppData\Local...}, goog:chromeOptions: {debuggerAddress: localhost:64899}, javascriptEnabled: true, networkConnectionEnabled: false, pageLoadStrategy: normal, platform: WINDOWS, platformName: WINDOWS, proxy: Proxy(), setWindowRect: true, strictFileInteractability: false, timeouts: {implicit: 0, pageLoad: 300000, script: 30000}, unhandledPromptBehavior: dismiss and notify, webauthn:extension:credBlob: true, webauthn:extension:largeBlob: true, webauthn:virtualAuthenticators: true}
Session ID: e76cc733e5c616d2a84c258af5dc9a96
at org.openqa.selenium.remote.http.W3CHttpResponseCodec.createException(W3CHttpResponseCodec.java:187)
at org.openqa.selenium.remote.http.W3CHttpResponseCodec.decode(W3CHttpResponseCodec.java:122)
at org.openqa.selenium.remote.http.W3CHttpResponseCodec.decode(W3CHttpResponseCodec.java:49)
at org.openqa.selenium.remote.HttpCommandExecutor.execute(HttpCommandExecutor.java:158)
at org.openqa.selenium.remote.service.DriverCommandExecutor.execute(DriverCommandExecutor.java:83)
at org.openqa.selenium.remote.RemoteWebDriver.execute(RemoteWebDriver.java:552)
at org.openqa.selenium.remote.RemoteWebElement.execute(RemoteWebElement.java:285)
at org.openqa.selenium.remote.RemoteWebElement.click(RemoteWebElement.java:84)
at org.openqa.selenium.support.pagefactory.internal.LocatingElementHandler.invoke(LocatingElementHandler.java:51)
at jdk.proxy2/jdk.proxy2.$Proxy17.click(Unknown Source)
at PomClasses.HomePage.Hotels(HomePage.java:64)
at TestClasses.ValidationOfHomaPage2.verifyHotelsPageUrl(ValidationOfHomaPage2.java:69)
at java.base/java.util.ArrayList.forEach(ArrayList.java:1511)
... Removed 35 stack frames]]>
    </failure>
  </testcase> <!-- verifyHotelsPageUrl -->
</testsuite> <!-- FirefoxTest -->
