<?xml version="1.0" encoding="UTF-8"?>
<!-- Generated by org.testng.reporters.JUnitXMLReporter -->
<testsuite ignored="0" hostname="DESKTOP-2QISFAK" failures="0" tests="7" name="OperaTest" time="1.739" errors="0" timestamp="2022-05-24T13:16:39 IST">
  <testcase classname="TestClasses.ValidationOfBUses" name="@BeforeTest lounchBrowser" time="1.649">
    <failure type="org.openqa.selenium.SessionNotCreatedException" message="session not created: This version of OperaDriver only supports Opera version 99
Current browser version is 101.0.4951.64 with binary path C:\Users\DELL\AppData\Local\Programs\Opera\87.0.4390.25\opera.exe
  (Driver info: operadriver=99.0.4844.51 (d537ec02474b5afe23684e7963d538896c63ac77-refs/branch-heads/4844@{#875}),platform=Windows NT 10.0.22000 x86_64) (WARNING: The server did not provide any stacktrace information)
Command duration or timeout: 1.50 seconds
Build info: version: &amp;apos;3.141.59&amp;apos;, revision: &amp;apos;e82be7d358&amp;apos;, time: &amp;apos;2018-11-14T08:17:03&amp;apos;
System info: host: &amp;apos;DESKTOP-2QISFAK&amp;apos;, ip: &amp;apos;192.168.0.102&amp;apos;, os.name: &amp;apos;Windows 11&amp;apos;, os.arch: &amp;apos;amd64&amp;apos;, os.version: &amp;apos;10.0&amp;apos;, java.version: &amp;apos;17.0.2&amp;apos;
Driver info: driver.version: OperaDriver">
      <![CDATA[org.openqa.selenium.SessionNotCreatedException: session not created: This version of OperaDriver only supports Opera version 99
Current browser version is 101.0.4951.64 with binary path C:\Users\DELL\AppData\Local\Programs\Opera\87.0.4390.25\opera.exe
  (Driver info: operadriver=99.0.4844.51 (d537ec02474b5afe23684e7963d538896c63ac77-refs/branch-heads/4844@{#875}),platform=Windows NT 10.0.22000 x86_64) (WARNING: The server did not provide any stacktrace information)
Command duration or timeout: 1.50 seconds
Build info: version: '3.141.59', revision: 'e82be7d358', time: '2018-11-14T08:17:03'
System info: host: 'DESKTOP-2QISFAK', ip: '192.168.0.102', os.name: 'Windows 11', os.arch: 'amd64', os.version: '10.0', java.version: '17.0.2'
Driver info: driver.version: OperaDriver
at org.openqa.selenium.remote.ErrorHandler.createThrowable(ErrorHandler.java:214)
at org.openqa.selenium.remote.ErrorHandler.throwIfResponseFailed(ErrorHandler.java:166)
at org.openqa.selenium.remote.JsonWireProtocolResponse.lambda$errorHandler$0(JsonWireProtocolResponse.java:54)
at org.openqa.selenium.remote.HandshakeResponse.lambda$getResponseFunction$0(HandshakeResponse.java:30)
at org.openqa.selenium.remote.ProtocolHandshake.lambda$createSession$0(ProtocolHandshake.java:126)
at java.base/java.util.stream.ReferencePipeline$3$1.accept(ReferencePipeline.java:197)
at java.base/java.util.Spliterators$ArraySpliterator.tryAdvance(Spliterators.java:1002)
at java.base/java.util.stream.ReferencePipeline.forEachWithCancel(ReferencePipeline.java:129)
at java.base/java.util.stream.AbstractPipeline.copyIntoWithCancel(AbstractPipeline.java:527)
at java.base/java.util.stream.AbstractPipeline.copyInto(AbstractPipeline.java:513)
at java.base/java.util.stream.AbstractPipeline.wrapAndCopyInto(AbstractPipeline.java:499)
at java.base/java.util.stream.FindOps$FindOp.evaluateSequential(FindOps.java:150)
at java.base/java.util.stream.AbstractPipeline.evaluate(AbstractPipeline.java:234)
at java.base/java.util.stream.ReferencePipeline.findFirst(ReferencePipeline.java:647)
at org.openqa.selenium.remote.ProtocolHandshake.createSession(ProtocolHandshake.java:128)
at org.openqa.selenium.remote.ProtocolHandshake.createSession(ProtocolHandshake.java:74)
at org.openqa.selenium.remote.HttpCommandExecutor.execute(HttpCommandExecutor.java:136)
at org.openqa.selenium.remote.service.DriverCommandExecutor.execute(DriverCommandExecutor.java:83)
at org.openqa.selenium.remote.RemoteWebDriver.execute(RemoteWebDriver.java:552)
at org.openqa.selenium.remote.RemoteWebDriver.startSession(RemoteWebDriver.java:213)
at org.openqa.selenium.remote.RemoteWebDriver.<init>(RemoteWebDriver.java:131)
at org.openqa.selenium.opera.OperaDriver.<init>(OperaDriver.java:173)
at org.openqa.selenium.opera.OperaDriver.<init>(OperaDriver.java:160)
at org.openqa.selenium.opera.OperaDriver.<init>(OperaDriver.java:115)
at Browsers.Base.openOperaeBrowser(Base.java:27)
at TestClasses.ValidationOfBUses.lounchBrowser(ValidationOfBUses.java:46)
... Removed 29 stack frames]]>
    </failure>
  </testcase> <!-- @BeforeTest lounchBrowser -->
  <testcase classname="TestClasses.ValidationOfHomaPage2" name="@BeforeTest lounchBrowser" time="-1.653378399882E9">
    <skipped/>
  </testcase> <!-- @BeforeTest lounchBrowser -->
  <testcase classname="TestClasses.ValidationOfHomePage" name="@BeforeTest lounchBrowser" time="-1.653378399882E9">
    <skipped/>
  </testcase> <!-- @BeforeTest lounchBrowser -->
  <testcase classname="TestClasses.ValidationOfLoginProcess" name="@BeforeTest lounchBrowser" time="-1.653378399882E9">
    <skipped/>
  </testcase> <!-- @BeforeTest lounchBrowser -->
  <testcase classname="TestClasses.ValidationOfTrains" name="@BeforeTest lounchBrowser" time="-1.653378399882E9">
    <skipped/>
  </testcase> <!-- @BeforeTest lounchBrowser -->
  <testcase classname="TestClasses.ValidationOfHomePage" name="@BeforeClass createPomObjects" time="-1.6533783999E9">
    <skipped/>
  </testcase> <!-- @BeforeClass createPomObjects -->
  <testcase classname="TestClasses.ValidationOfHomePage" name="@BeforeMethod loginprocess" time="-1.6533783999E9">
    <skipped/>
  </testcase> <!-- @BeforeMethod loginprocess -->
  <testcase classname="TestClasses.ValidationOfHomePage" name="@AfterMethod logout" time="-1.6533783999E9">
    <skipped/>
  </testcase> <!-- @AfterMethod logout -->
  <testcase classname="TestClasses.ValidationOfHomePage" name="@BeforeMethod loginprocess" time="-1.6533783999E9">
    <skipped/>
  </testcase> <!-- @BeforeMethod loginprocess -->
  <testcase classname="TestClasses.ValidationOfHomePage" name="@AfterMethod logout" time="-1.653378399916E9">
    <skipped/>
  </testcase> <!-- @AfterMethod logout -->
  <testcase classname="TestClasses.ValidationOfHomePage" name="@AfterClass clearObjects" time="-1.653378399917E9">
    <skipped/>
  </testcase> <!-- @AfterClass clearObjects -->
  <testcase classname="TestClasses.ValidationOfLoginProcess" name="@BeforeClass createPomObjects" time="-1.653378399917E9">
    <skipped/>
  </testcase> <!-- @BeforeClass createPomObjects -->
  <testcase classname="TestClasses.ValidationOfLoginProcess" name="@BeforeMethod loginProcess" time="-1.653378399917E9">
    <skipped/>
  </testcase> <!-- @BeforeMethod loginProcess -->
  <testcase classname="TestClasses.ValidationOfLoginProcess" name="@AfterClass clearObjects" time="-1.653378399917E9">
    <skipped/>
  </testcase> <!-- @AfterClass clearObjects -->
  <testcase classname="TestClasses.ValidationOfBUses" name="@BeforeClass createPomObjects" time="-1.653378399917E9">
    <skipped/>
  </testcase> <!-- @BeforeClass createPomObjects -->
  <testcase classname="TestClasses.ValidationOfBUses" name="@BeforeMethod beforeMethod" time="-1.653378399917E9">
    <skipped/>
  </testcase> <!-- @BeforeMethod beforeMethod -->
  <testcase classname="TestClasses.ValidationOfBUses" name="@AfterMethod logout" time="-1.653378399932E9">
    <skipped/>
  </testcase> <!-- @AfterMethod logout -->
  <testcase classname="TestClasses.ValidationOfBUses" name="@AfterClass clearObjects" time="-1.653378399932E9">
    <skipped/>
  </testcase> <!-- @AfterClass clearObjects -->
  <testcase classname="TestClasses.ValidationOfTrains" name="@BeforeClass createPomObjects" time="-1.653378399932E9">
    <skipped/>
  </testcase> <!-- @BeforeClass createPomObjects -->
  <testcase classname="TestClasses.ValidationOfTrains" name="@BeforeMethod beforeMethod" time="-1.653378399932E9">
    <skipped/>
  </testcase> <!-- @BeforeMethod beforeMethod -->
  <testcase classname="TestClasses.ValidationOfTrains" name="@AfterMethod logout" time="-1.653378399948E9">
    <skipped/>
  </testcase> <!-- @AfterMethod logout -->
  <testcase classname="TestClasses.ValidationOfTrains" name="@AfterClass clearObjects" time="-1.65337839995E9">
    <skipped/>
  </testcase> <!-- @AfterClass clearObjects -->
  <testcase classname="TestClasses.ValidationOfHomaPage2" name="@BeforeClass createPomObjects" time="-1.653378399951E9">
    <skipped/>
  </testcase> <!-- @BeforeClass createPomObjects -->
  <testcase classname="TestClasses.ValidationOfHomaPage2" name="@BeforeMethod loginprocess" time="-1.653378399951E9">
    <skipped/>
  </testcase> <!-- @BeforeMethod loginprocess -->
  <testcase classname="TestClasses.ValidationOfHomaPage2" name="@AfterMethod logout" time="-1.653378399951E9">
    <skipped/>
  </testcase> <!-- @AfterMethod logout -->
  <testcase classname="TestClasses.ValidationOfHomaPage2" name="@BeforeMethod loginprocess" time="-1.653378399951E9">
    <skipped/>
  </testcase> <!-- @BeforeMethod loginprocess -->
  <testcase classname="TestClasses.ValidationOfHomaPage2" name="@AfterMethod logout" time="-1.653378399966E9">
    <skipped/>
  </testcase> <!-- @AfterMethod logout -->
  <testcase classname="TestClasses.ValidationOfHomaPage2" name="@AfterClass clearObjects" time="-1.653378399966E9">
    <skipped/>
  </testcase> <!-- @AfterClass clearObjects -->
  <testcase classname="TestClasses.ValidationOfBUses" name="@AfterTest closedBrowser" time="-1.65337839997E9">
    <skipped/>
  </testcase> <!-- @AfterTest closedBrowser -->
  <testcase classname="TestClasses.ValidationOfHomaPage2" name="@AfterTest closedBrowser" time="-1.653378399972E9">
    <skipped/>
  </testcase> <!-- @AfterTest closedBrowser -->
  <testcase classname="TestClasses.ValidationOfHomePage" name="@AfterTest closedBrowser" time="-1.653378399972E9">
    <skipped/>
  </testcase> <!-- @AfterTest closedBrowser -->
  <testcase classname="TestClasses.ValidationOfLoginProcess" name="@AfterTest closedBrowser" time="-1.653378399972E9">
    <skipped/>
  </testcase> <!-- @AfterTest closedBrowser -->
  <testcase classname="TestClasses.ValidationOfTrains" name="@AfterTest closedBrowser" time="-1.653378399972E9">
    <skipped/>
  </testcase> <!-- @AfterTest closedBrowser -->
  <testcase classname="TestClasses.ValidationOfHomePage" name="testA" time="0.0">
    <skipped/>
  </testcase> <!-- testA -->
  <testcase classname="TestClasses.ValidationOfHomePage" name="testB" time="0.0">
    <skipped/>
  </testcase> <!-- testB -->
  <testcase classname="TestClasses.ValidationOfLoginProcess" name="VerifyPageUrl" time="0.0">
    <skipped/>
  </testcase> <!-- VerifyPageUrl -->
  <testcase classname="TestClasses.ValidationOfBUses" name="VerifyPageUrlAndTitle" time="0.0">
    <skipped/>
  </testcase> <!-- VerifyPageUrlAndTitle -->
  <testcase classname="TestClasses.ValidationOfTrains" name="VerifyPageUrlAndTitle" time="0.0">
    <skipped/>
  </testcase> <!-- VerifyPageUrlAndTitle -->
  <testcase classname="TestClasses.ValidationOfHomaPage2" name="verifyFlightsPageUrl" time="0.0">
    <skipped/>
  </testcase> <!-- verifyFlightsPageUrl -->
  <testcase classname="TestClasses.ValidationOfHomaPage2" name="verifyHotelsPageUrl" time="0.0">
    <skipped/>
  </testcase> <!-- verifyHotelsPageUrl -->
</testsuite> <!-- OperaTest -->
