<html>
<head>
<title>TestNG:  EdgeTest(failed)</title>
<link href="../testng.css" rel="stylesheet" type="text/css" />
<link href="../my-testng.css" rel="stylesheet" type="text/css" />

<style type="text/css">
.log { display: none;} 
.stack-trace { display: none;} 
</style>
<script type="text/javascript">
<!--
function flip(e) {
  current = e.style.display;
  if (current == 'block') {
    e.style.display = 'none';
    return 0;
  }
  else {
    e.style.display = 'block';
    return 1;
  }
}

function toggleBox(szDivId, elem, msg1, msg2)
{
  var res = -1;  if (document.getElementById) {
    res = flip(document.getElementById(szDivId));
  }
  else if (document.all) {
    // this is the way old msie versions work
    res = flip(document.all[szDivId]);
  }
  if(elem) {
    if(res == 0) elem.innerHTML = msg1; else elem.innerHTML = msg2;
  }

}

function toggleAllBoxes() {
  if (document.getElementsByTagName) {
    d = document.getElementsByTagName('div');
    for (i = 0; i < d.length; i++) {
      if (d[i].className == 'log') {
        flip(d[i]);
      }
    }
  }
}

// -->
</script>

</head>
<body>
<h2 align='center'>EdgeTest(failed)</h2><table border='1' align="center">
<tr>
<td>Tests passed/Failed/Skipped:</td><td>0/1/0</td>
</tr><tr>
<td>Started on:</td><td>Wed May 25 01:53:50 IST 2022</td>
</tr>
<tr><td>Total time:</td><td>16 seconds (16149 ms)</td>
</tr><tr>
<td>Included groups:</td><td></td>
</tr><tr>
<td>Excluded groups:</td><td></td>
</tr>
</table><p/>
<small><i>(Hover the method name to see the test class name)</i></small><p/>
<table width='100%' border='1' class='invocation-failed'>
<tr><td colspan='4' align='center'><b>FAILED TESTS</b></td></tr>
<tr><td><b>Test method</b></td>
<td width="30%"><b>Exception</b></td>
<td width="10%"><b>Time (seconds)</b></td>
<td><b>Instance</b></td>
</tr>
<tr>
<td title='TestClasses.ValidationOfLoginProcess.VerifyPageUrl()'><b>VerifyPageUrl</b><br>Test class: TestClasses.ValidationOfLoginProcess</td>
<td><div><pre>java.lang.AssertionError: The following asserts failed:
	expected [https://accounts.google.com/signin/v2/challenge/pwd?redirect_uri=storagerelay%3A%2F%2Fhttps%2Fwww.makemytrip.com%3Fid%3Dauth949033&amp;response_type=permission%20id_token&amp;scope=email%20profile%20openid&amp;openid.realm&amp;include_granted_scopes=true&amp;client_id=365487944636-q943oq1rje9ugcbscagg2vre5om9maj0.apps.googleusercontent.com&amp;ss_domain=https%3A%2F%2Fwww.makemytrip.com&amp;prompt&amp;fetch_basic_profile=true&amp;gsiwebsdk=2&amp;flowName=GeneralOAuthFlow&amp;cid=1&amp;navigationDirection=forward&amp;TL=AM3QAYaHwMUp4zPyvDiM4qbdId1Lpk9hh7IFegIg2h9e9pQAvgkGiWdERIZud_gc] but found [https://accounts.google.com/signin/v2/challenge/pwd?redirect_uri=storagerelay%3A%2F%2Fhttps%2Fwww.makemytrip.com%3Fid%3Dauth617878&amp;response_type=permission%20id_token&amp;scope=email%20profile%20openid&amp;openid.realm&amp;include_granted_scopes=true&amp;client_id=365487944636-q943oq1rje9ugcbscagg2vre5om9maj0.apps.googleusercontent.com&amp;ss_domain=https%3A%2F%2Fwww.makemytrip.com&amp;prompt&amp;fetch_basic_profile=true&amp;gsiwebsdk=2&amp;flowName=GeneralOAuthFlow&amp;cid=1&amp;navigationDirection=forward&amp;TL=AM3QAYZqGC4qpxC-9oo048VXZBybV32cuHg0whDDQpeVbFsIUscHJLipCOnBATWR]
	at TestClasses.ValidationOfLoginProcess.VerifyPageUrl(ValidationOfLoginProcess.java:81)
	at java.base/java.util.concurrent.ThreadPoolExecutor.runWorker(ThreadPoolExecutor.java:1136)
	at java.base/java.util.concurrent.ThreadPoolExecutor$Worker.run(ThreadPoolExecutor.java:635)
	at java.base/java.lang.Thread.run(Thread.java:833)
... Removed 14 stack frames</pre></div><a href='#' onClick='toggleBox("stack-trace672367984", this, "Click to show all stack frames", "Click to hide stack frames")'>Click to show all stack frames</a>
<div class='stack-trace' id='stack-trace672367984'><pre>java.lang.AssertionError: The following asserts failed:
	expected [https://accounts.google.com/signin/v2/challenge/pwd?redirect_uri=storagerelay%3A%2F%2Fhttps%2Fwww.makemytrip.com%3Fid%3Dauth949033&amp;response_type=permission%20id_token&amp;scope=email%20profile%20openid&amp;openid.realm&amp;include_granted_scopes=true&amp;client_id=365487944636-q943oq1rje9ugcbscagg2vre5om9maj0.apps.googleusercontent.com&amp;ss_domain=https%3A%2F%2Fwww.makemytrip.com&amp;prompt&amp;fetch_basic_profile=true&amp;gsiwebsdk=2&amp;flowName=GeneralOAuthFlow&amp;cid=1&amp;navigationDirection=forward&amp;TL=AM3QAYaHwMUp4zPyvDiM4qbdId1Lpk9hh7IFegIg2h9e9pQAvgkGiWdERIZud_gc] but found [https://accounts.google.com/signin/v2/challenge/pwd?redirect_uri=storagerelay%3A%2F%2Fhttps%2Fwww.makemytrip.com%3Fid%3Dauth617878&amp;response_type=permission%20id_token&amp;scope=email%20profile%20openid&amp;openid.realm&amp;include_granted_scopes=true&amp;client_id=365487944636-q943oq1rje9ugcbscagg2vre5om9maj0.apps.googleusercontent.com&amp;ss_domain=https%3A%2F%2Fwww.makemytrip.com&amp;prompt&amp;fetch_basic_profile=true&amp;gsiwebsdk=2&amp;flowName=GeneralOAuthFlow&amp;cid=1&amp;navigationDirection=forward&amp;TL=AM3QAYZqGC4qpxC-9oo048VXZBybV32cuHg0whDDQpeVbFsIUscHJLipCOnBATWR]
	at org.testng.asserts.SoftAssert.assertAll(SoftAssert.java:47)
	at org.testng.asserts.SoftAssert.assertAll(SoftAssert.java:31)
	at TestClasses.ValidationOfLoginProcess.VerifyPageUrl(ValidationOfLoginProcess.java:81)
	at java.base/jdk.internal.reflect.NativeMethodAccessorImpl.invoke0(Native Method)
	at java.base/jdk.internal.reflect.NativeMethodAccessorImpl.invoke(NativeMethodAccessorImpl.java:77)
	at java.base/jdk.internal.reflect.DelegatingMethodAccessorImpl.invoke(DelegatingMethodAccessorImpl.java:43)
	at java.base/java.lang.reflect.Method.invoke(Method.java:568)
	at org.testng.internal.MethodInvocationHelper.invokeMethod(MethodInvocationHelper.java:132)
	at org.testng.internal.TestInvoker.invokeMethod(TestInvoker.java:599)
	at org.testng.internal.TestInvoker.invokeTestMethod(TestInvoker.java:174)
	at org.testng.internal.MethodRunner.runInSequence(MethodRunner.java:46)
	at org.testng.internal.TestInvoker$MethodInvocationAgent.invoke(TestInvoker.java:822)
	at org.testng.internal.TestInvoker.invokeTestMethods(TestInvoker.java:147)
	at org.testng.internal.TestMethodWorker.invokeTestMethods(TestMethodWorker.java:146)
	at org.testng.internal.TestMethodWorker.run(TestMethodWorker.java:128)
	at java.base/java.util.concurrent.ThreadPoolExecutor.runWorker(ThreadPoolExecutor.java:1136)
	at java.base/java.util.concurrent.ThreadPoolExecutor$Worker.run(ThreadPoolExecutor.java:635)
	at java.base/java.lang.Thread.run(Thread.java:833)
</pre></div></td>
<td>0</td>
<td>TestClasses.ValidationOfLoginProcess@4a22f9e2</td></tr>
</table><p>
</body>
</html>