<?xml version="1.0" encoding="UTF-8"?>
<!-- Generated by org.testng.reporters.JUnitXMLReporter -->
<testsuite ignored="0" hostname="DESKTOP-2QISFAK" failures="1" tests="1" name="EdgeTest(failed)" time="16.149" errors="0" timestamp="2022-05-25T01:54:06 IST">
  <testcase classname="TestClasses.ValidationOfLoginProcess" name="VerifyPageUrl" time="0.018">
    <failure type="java.lang.AssertionError" message="The following asserts failed:
	expected [https://accounts.google.com/signin/v2/challenge/pwd?redirect_uri=storagerelay%3A%2F%2Fhttps%2Fwww.makemytrip.com%3Fid%3Dauth949033&amp;amp;response_type=permission%20id_token&amp;amp;scope=email%20profile%20openid&amp;amp;openid.realm&amp;amp;include_granted_scopes=true&amp;amp;client_id=365487944636-q943oq1rje9ugcbscagg2vre5om9maj0.apps.googleusercontent.com&amp;amp;ss_domain=https%3A%2F%2Fwww.makemytrip.com&amp;amp;prompt&amp;amp;fetch_basic_profile=true&amp;amp;gsiwebsdk=2&amp;amp;flowName=GeneralOAuthFlow&amp;amp;cid=1&amp;amp;navigationDirection=forward&amp;amp;TL=AM3QAYaHwMUp4zPyvDiM4qbdId1Lpk9hh7IFegIg2h9e9pQAvgkGiWdERIZud_gc] but found [https://accounts.google.com/signin/v2/challenge/pwd?redirect_uri=storagerelay%3A%2F%2Fhttps%2Fwww.makemytrip.com%3Fid%3Dauth617878&amp;amp;response_type=permission%20id_token&amp;amp;scope=email%20profile%20openid&amp;amp;openid.realm&amp;amp;include_granted_scopes=true&amp;amp;client_id=365487944636-q943oq1rje9ugcbscagg2vre5om9maj0.apps.googleusercontent.com&amp;amp;ss_domain=https%3A%2F%2Fwww.makemytrip.com&amp;amp;prompt&amp;amp;fetch_basic_profile=true&amp;amp;gsiwebsdk=2&amp;amp;flowName=GeneralOAuthFlow&amp;amp;cid=1&amp;amp;navigationDirection=forward&amp;amp;TL=AM3QAYZqGC4qpxC-9oo048VXZBybV32cuHg0whDDQpeVbFsIUscHJLipCOnBATWR]">
      <![CDATA[java.lang.AssertionError: The following asserts failed:
expected [https://accounts.google.com/signin/v2/challenge/pwd?redirect_uri=storagerelay%3A%2F%2Fhttps%2Fwww.makemytrip.com%3Fid%3Dauth949033&response_type=permission%20id_token&scope=email%20profile%20openid&openid.realm&include_granted_scopes=true&client_id=365487944636-q943oq1rje9ugcbscagg2vre5om9maj0.apps.googleusercontent.com&ss_domain=https%3A%2F%2Fwww.makemytrip.com&prompt&fetch_basic_profile=true&gsiwebsdk=2&flowName=GeneralOAuthFlow&cid=1&navigationDirection=forward&TL=AM3QAYaHwMUp4zPyvDiM4qbdId1Lpk9hh7IFegIg2h9e9pQAvgkGiWdERIZud_gc] but found [https://accounts.google.com/signin/v2/challenge/pwd?redirect_uri=storagerelay%3A%2F%2Fhttps%2Fwww.makemytrip.com%3Fid%3Dauth617878&response_type=permission%20id_token&scope=email%20profile%20openid&openid.realm&include_granted_scopes=true&client_id=365487944636-q943oq1rje9ugcbscagg2vre5om9maj0.apps.googleusercontent.com&ss_domain=https%3A%2F%2Fwww.makemytrip.com&prompt&fetch_basic_profile=true&gsiwebsdk=2&flowName=GeneralOAuthFlow&cid=1&navigationDirection=forward&TL=AM3QAYZqGC4qpxC-9oo048VXZBybV32cuHg0whDDQpeVbFsIUscHJLipCOnBATWR]
at TestClasses.ValidationOfLoginProcess.VerifyPageUrl(ValidationOfLoginProcess.java:81)
at java.base/java.util.concurrent.ThreadPoolExecutor.runWorker(ThreadPoolExecutor.java:1136)
at java.base/java.util.concurrent.ThreadPoolExecutor$Worker.run(ThreadPoolExecutor.java:635)
at java.base/java.lang.Thread.run(Thread.java:833)
... Removed 14 stack frames]]>
    </failure>
  </testcase> <!-- VerifyPageUrl -->
</testsuite> <!-- EdgeTest(failed) -->
