<?xml version="1.0" encoding="UTF-8"?>
<!-- Generated by org.testng.reporters.JUnitXMLReporter -->
<testsuite ignored="0" hostname="DESKTOP-2QISFAK" failures="0" tests="2" name="regression" time="0.061" errors="0" timestamp="2022-05-31T23:03:32 IST">
  <testcase classname="TestClasses.VerifyFacebookHeader" name="@BeforeTest lounchBrowser" time="-1.65401841252E9">
    <failure type="org.testng.TestNGException" message="
Parameter &amp;apos;browserName&amp;apos; is required by BeforeTest on method lounchBrowser but has not been marked @Optional or defined
in C:\Users\DELL\eclipse-workspace\Facebook\testng.xml">
      <![CDATA[org.testng.TestNGException: 
Parameter 'browserName' is required by BeforeTest on method lounchBrowser but has not been marked @Optional or defined
in C:\Users\DELL\eclipse-workspace\Facebook\testng.xml
... Removed 21 stack frames]]>
    </failure>
  </testcase> <!-- @BeforeTest lounchBrowser -->
  <testcase classname="TestClasses.VerifyFacebookHeader" name="@BeforeClass createPomObjects" time="-1.654018412542E9">
    <skipped/>
  </testcase> <!-- @BeforeClass createPomObjects -->
  <testcase classname="TestClasses.VerifyFacebookHeader" name="@BeforeMethod loginTOBrowser" time="-1.654018412557E9">
    <skipped/>
  </testcase> <!-- @BeforeMethod loginTOBrowser -->
  <testcase classname="TestClasses.VerifyFacebookHeader" name="@AfterMethod logout" time="-1.654018412564E9">
    <skipped/>
  </testcase> <!-- @AfterMethod logout -->
  <testcase classname="TestClasses.VerifyFacebookHeader" name="@BeforeMethod loginTOBrowser" time="-1.654018412566E9">
    <skipped/>
  </testcase> <!-- @BeforeMethod loginTOBrowser -->
  <testcase classname="TestClasses.VerifyFacebookHeader" name="@AfterMethod logout" time="-1.654018412569E9">
    <skipped/>
  </testcase> <!-- @AfterMethod logout -->
  <testcase classname="TestClasses.VerifyFacebookHeader" name="@AfterClass clearObjects" time="-1.654018412571E9">
    <skipped/>
  </testcase> <!-- @AfterClass clearObjects -->
  <testcase classname="TestClasses.VerifyFacebookHeader" name="@AfterTest closedBrowser" time="-1.654018412573E9">
    <skipped/>
  </testcase> <!-- @AfterTest closedBrowser -->
  <testcase classname="TestClasses.VerifyFacebookHeader" name="testA" time="0.0">
    <skipped/>
  </testcase> <!-- testA -->
  <testcase classname="TestClasses.VerifyFacebookHeader" name="testB" time="0.0">
    <skipped/>
  </testcase> <!-- testB -->
</testsuite> <!-- regression -->
