<?xml version="1.0" encoding="UTF-8"?>
<!-- Generated by org.testng.reporters.JUnitXMLReporter -->
<testsuite ignored="1" hostname="DESKTOP-2QISFAK" failures="1" tests="1" name="ChromeTest(failed)" time="14.322" errors="0" timestamp="2022-05-25T16:46:41 IST">
  <testcase classname="TestClasses.VerifyFlipkartHeader2" name="testA" time="4.5">
    <failure type="java.lang.AssertionError" message="The following asserts failed:
	expected [https://www.flipkart.com/offers-store?otracker=nmenu_offer-zone&amp;amp;fm=neo%2Fmerchandising&amp;amp;iid=M_e2765d08-6e8e-411c-afe8-ee954bdf5d82_2_372UD5BXDFYS_MC.G6ZC4RAJ9OHU&amp;amp;otracker=hp_rich_navigation_1_2.navigationCard.RICH_NAVIGATION_Top%2BOffers_G6ZC4RAJ9OHU&amp;amp;otracker1=hp_rich_navigation_PINNED_neo%2Fmerchandising_NA_NAV_EXPANDABLE_navigationCard_cc_1_L0_view-all&amp;amp;cid=G6ZC4RAJ9OHU] but found [https://seller.flipkart.com/sell-online/?utm_source=fkwebsite&amp;amp;utm_medium=websitedirect],
	expected [Flipkart Offers &amp;amp; Deals of the Day - Get Best Discounts on Mobiles, Electronics, Fashion &amp;amp; Home etc.] but found [Sell Online on Flipkart | Grow your business with the leader in Indian e-commerce]">
      <![CDATA[java.lang.AssertionError: The following asserts failed:
expected [https://www.flipkart.com/offers-store?otracker=nmenu_offer-zone&fm=neo%2Fmerchandising&iid=M_e2765d08-6e8e-411c-afe8-ee954bdf5d82_2_372UD5BXDFYS_MC.G6ZC4RAJ9OHU&otracker=hp_rich_navigation_1_2.navigationCard.RICH_NAVIGATION_Top%2BOffers_G6ZC4RAJ9OHU&otracker1=hp_rich_navigation_PINNED_neo%2Fmerchandising_NA_NAV_EXPANDABLE_navigationCard_cc_1_L0_view-all&cid=G6ZC4RAJ9OHU] but found [https://seller.flipkart.com/sell-online/?utm_source=fkwebsite&utm_medium=websitedirect],
expected [Flipkart Offers & Deals of the Day - Get Best Discounts on Mobiles, Electronics, Fashion & Home etc.] but found [Sell Online on Flipkart | Grow your business with the leader in Indian e-commerce]
at TestClasses.VerifyFlipkartHeader2.testA(VerifyFlipkartHeader2.java:83)
at java.base/java.util.ArrayList.forEach(ArrayList.java:1511)
... Removed 29 stack frames]]>
    </failure>
  </testcase> <!-- testA -->
  <testcase classname="TestClasses.VerifyFlipkartHeader2" name="testB" time="0.0">
    <ignored/>
  </testcase> <!-- testB -->
</testsuite> <!-- ChromeTest(failed) -->
